#
# There is insufficient memory for the Java Runtime Environment to continue.
# Native memory allocation (malloc) failed to allocate 515296 bytes for Chunk::new
# Possible reasons:
#   The system is out of physical RAM or swap space
#   In 32 bit mode, the process size limit was hit
# Possible solutions:
#   Reduce memory load on the system
#   Increase physical memory or swap space
#   Check if swap backing store is full
#   Use 64 bit Java on a 64 bit OS
#   Decrease Java heap size (-Xmx/-Xms)
#   Decrease number of Java threads
#   Decrease Java thread stack sizes (-Xss)
#   Set larger code cache with -XX:ReservedCodeCacheSize=
# This output file may be truncated or incomplete.
#
#  Out of Memory Error (allocation.cpp:328), pid=19028, tid=8580
#
# JRE version: 7.0_17-b02
# Java VM: Java HotSpot(TM) 64-Bit Server VM (23.7-b01 mixed mode windows-amd64 compressed oops)
# Failed to write core dump. Minidumps are not enabled by default on client versions of Windows
#

---------------  T H R E A D  ---------------

Current thread (0x0000000029564000):  JavaThread "C2 CompilerThread0" daemon [_thread_in_native, id=8580, stack(0x000000002a120000,0x000000002a220000)]

Stack: [0x000000002a120000,0x000000002a220000]

Current CompileTask:
C2:  38421 1857   !   4       java.lang.ClassLoader::loadClass (122 bytes)


---------------  P R O C E S S  ---------------

Java Threads: ( => current thread )
  0x0000000034118000 JavaThread "Image Fetcher 2" daemon [_thread_blocked, id=22464, stack(0x0000000034790000,0x0000000034a90000)]
  0x0000000034119000 JavaThread "Image Fetcher 1" daemon [_thread_blocked, id=8008, stack(0x0000000034490000,0x0000000034790000)]
  0x0000000032672800 JavaThread "Image Fetcher 0" daemon [_thread_blocked, id=25388, stack(0x0000000032780000,0x0000000032a80000)]
  0x0000000006475000 JavaThread "AWT-EventQueue-1" [_thread_in_Java, id=9792, stack(0x000000002ea80000,0x000000002ed80000)]
  0x0000000006462000 JavaThread "Process Messages" [_thread_blocked, id=23988, stack(0x000000002e780000,0x000000002ea80000)]
  0x0000000006463000 JavaThread "Thread-3" [_thread_blocked, id=17468, stack(0x00000000039b0000,0x0000000004db0000)]
  0x000000002e003000 JavaThread "AWT-EventQueue-0" [_thread_blocked, id=19772, stack(0x000000002e380000,0x000000002e680000)]
  0x000000002e006000 JavaThread "AWT-Shutdown" [_thread_blocked, id=18688, stack(0x000000002e080000,0x000000002e380000)]
  0x000000002bf0b000 JavaThread "AWT-Windows" daemon [_thread_in_native, id=22872, stack(0x000000002ca20000,0x000000002cd20000)]
  0x000000002bf0d800 JavaThread "Java2D Disposer" daemon [_thread_blocked, id=13324, stack(0x000000002c420000,0x000000002c720000)]
  0x000000002be63000 JavaThread "TimerQueue" daemon [_thread_blocked, id=10984, stack(0x000000002c120000,0x000000002c420000)]
  0x0000000028ce1800 JavaThread "Service Thread" daemon [_thread_blocked, id=12412, stack(0x000000002a520000,0x000000002a820000)]
  0x0000000028c50800 JavaThread "C1 CompilerThread3" daemon [_thread_blocked, id=8044, stack(0x000000002a420000,0x000000002a520000)]
  0x0000000029560800 JavaThread "C2 CompilerThread2" daemon [_thread_blocked, id=6352, stack(0x000000002a320000,0x000000002a420000)]
  0x0000000029562000 JavaThread "C2 CompilerThread1" daemon [_thread_in_native, id=4000, stack(0x000000002a220000,0x000000002a320000)]
=>0x0000000029564000 JavaThread "C2 CompilerThread0" daemon [_thread_in_native, id=8580, stack(0x000000002a120000,0x000000002a220000)]
  0x0000000029566000 JavaThread "Attach Listener" daemon [_thread_blocked, id=22520, stack(0x0000000029e20000,0x000000002a120000)]
  0x0000000029567800 JavaThread "Signal Dispatcher" daemon [_thread_blocked, id=10844, stack(0x0000000029b20000,0x0000000029e20000)]
  0x0000000029569800 JavaThread "Surrogate Locker Thread (Concurrent GC)" daemon [_thread_blocked, id=2588, stack(0x0000000029820000,0x0000000029b20000)]
  0x0000000023ec1800 JavaThread "Finalizer" daemon [_thread_blocked, id=20556, stack(0x0000000029220000,0x0000000029520000)]
  0x0000000023ec3800 JavaThread "Reference Handler" daemon [_thread_blocked, id=3752, stack(0x0000000028f20000,0x0000000029220000)]
  0x000000001b84a800 JavaThread "main" [_thread_blocked, id=12140, stack(0x000000001cb40000,0x000000001cc40000)]

Other Threads:
  0x0000000023e82000 VMThread [stack: 0x0000000028e20000,0x0000000028f20000] [id=5824]
  0x000000001cad1000 WatcherThread [stack: 0x000000002a820000,0x000000002a920000] [id=3900]

VM state:not at safepoint (normal execution)

VM Mutex/Monitor currently owned by a thread: None

Heap
 par new generation   total 55296K, used 20566K [0x0000000778000000, 0x000000077bc00000, 0x000000077bc00000)
  eden space 49152K,  29% used [0x0000000778000000, 0x0000000778e15a38, 0x000000077b000000)
  from space 6144K, 100% used [0x000000077b000000, 0x000000077b600000, 0x000000077b600000)
  to   space 6144K,   0% used [0x000000077b600000, 0x000000077b600000, 0x000000077bc00000)
 concurrent mark-sweep generation total 69632K, used 11119K [0x000000077bc00000, 0x0000000780000000, 0x00000007f8000000)
 concurrent-mark-sweep perm gen total 131072K, used 23098K [0x00000007f8000000, 0x0000000800000000, 0x0000000800000000)

Card table byte_map: [0x00000000235e0000,0x0000000023a30000] byte_map_base: 0x000000001fa20000

Polling page: 0x000000001cc40000

Code Cache  [0x000000001cc60000, 0x000000001d290000, 0x0000000022c60000)
 total_blobs=2182 nmethods=1645 adapters=454 free_code_cache=92085Kb largest_free_block=94240704

Compilation events (10 events):
Event: 38.380 Thread 0x0000000028c50800 1863       3       com.jidesoft.plaf.basic.BasicDockableFrameUI::setSouthPane (6 bytes)
Event: 38.380 Thread 0x0000000028c50800 nmethod 1863 0x000000001d271350 code [0x000000001d2714a0, 0x000000001d271650]
Event: 38.382 Thread 0x0000000029560800 nmethod 1858 0x000000001d277510 code [0x000000001d277680, 0x000000001d277c58]
Event: 38.382 Thread 0x0000000029560800 1860       4       java.awt.Component::invalidateIfValid (12 bytes)
Event: 38.383 Thread 0x0000000029560800 nmethod 1860 0x000000001d24ff10 code [0x000000001d250060, 0x000000001d2500f8]
Event: 38.384 Thread 0x0000000028c50800 1864       3       java.util.LinkedHashMap$LinkedHashIterator::<init> (40 bytes)
Event: 38.384 Thread 0x0000000028c50800 nmethod 1864 0x000000001d27cad0 code [0x000000001d27cc40, 0x000000001d27ce90]
Event: 38.388 Thread 0x0000000028c50800 1865       3       ui.f.m::getDescription (5 bytes)
Event: 38.388 Thread 0x0000000028c50800 nmethod 1865 0x000000001d27c450 code [0x000000001d27c5e0, 0x000000001d27c938]
Event: 38.395 Thread 0x0000000029560800 1866       4       java.util.HashMap$EntryIterator::next (5 bytes)

GC Heap History (4 events):
Event: 21.257 GC heap before
{Heap before GC invocations=0 (full 0):
 par new generation   total 55296K, used 49152K [0x0000000778000000, 0x000000077bc00000, 0x000000077bc00000)
  eden space 49152K, 100% used [0x0000000778000000, 0x000000077b000000, 0x000000077b000000)
  from space 6144K,   0% used [0x000000077b000000, 0x000000077b000000, 0x000000077b600000)
  to   space 6144K,   0% used [0x000000077b600000, 0x000000077b600000, 0x000000077bc00000)
 concurrent mark-sweep generation total 69632K, used 0K [0x000000077bc00000, 0x0000000780000000, 0x00000007f8000000)
 concurrent-mark-sweep perm gen total 131072K, used 13029K [0x00000007f8000000, 0x0000000800000000, 0x0000000800000000)
Event: 21.283 GC heap after
Heap after GC invocations=1 (full 0):
 par new generation   total 55296K, used 6144K [0x0000000778000000, 0x000000077bc00000, 0x000000077bc00000)
  eden space 49152K,   0% used [0x0000000778000000, 0x0000000778000000, 0x000000077b000000)
  from space 6144K, 100% used [0x000000077b600000, 0x000000077bc00000, 0x000000077bc00000)
  to   space 6144K,   0% used [0x000000077b000000, 0x000000077b000000, 0x000000077b600000)
 concurrent mark-sweep generation total 69632K, used 1094K [0x000000077bc00000, 0x0000000780000000, 0x00000007f8000000)
 concurrent-mark-sweep perm gen total 131072K, used 13029K [0x00000007f8000000, 0x0000000800000000, 0x0000000800000000)
}
Event: 37.706 GC heap before
{Heap before GC invocations=1 (full 0):
 par new generation   total 55296K, used 55296K [0x0000000778000000, 0x000000077bc00000, 0x000000077bc00000)
  eden space 49152K, 100% used [0x0000000778000000, 0x000000077b000000, 0x000000077b000000)
  from space 6144K, 100% used [0x000000077b600000, 0x000000077bc00000, 0x000000077bc00000)
  to   space 6144K,   0% used [0x000000077b000000, 0x000000077b000000, 0x000000077b600000)
 concurrent mark-sweep generation total 69632K, used 1094K [0x000000077bc00000, 0x0000000780000000, 0x00000007f8000000)
 concurrent-mark-sweep perm gen total 131072K, used 21600K [0x00000007f8000000, 0x0000000800000000, 0x0000000800000000)
Event: 37.752 GC heap after
Heap after GC invocations=2 (full 0):
 par new generation   total 55296K, used 6144K [0x0000000778000000, 0x000000077bc00000, 0x000000077bc00000)
  eden space 49152K,   0% used [0x0000000778000000, 0x0000000778000000, 0x000000077b000000)
  from space 6144K, 100% used [0x000000077b000000, 0x000000077b600000, 0x000000077b600000)
  to   space 6144K,   0% used [0x000000077b600000, 0x000000077b600000, 0x000000077bc00000)
 concurrent mark-sweep generation total 69632K, used 11119K [0x000000077bc00000, 0x0000000780000000, 0x00000007f8000000)
 concurrent-mark-sweep perm gen total 131072K, used 21600K [0x00000007f8000000, 0x0000000800000000, 0x0000000800000000)
}

Deoptimization events (10 events):
Event: 33.544 Thread 0x0000000006475000 Uncommon trap -34 fr.pc 0x000000001cfdc52c
Event: 33.544 Thread 0x0000000006475000 Uncommon trap -34 fr.pc 0x000000001cfdc52c
Event: 33.544 Thread 0x0000000006475000 Uncommon trap -34 fr.pc 0x000000001cfdc52c
Event: 33.562 Thread 0x0000000006475000 Uncommon trap 95 fr.pc 0x000000001cfd3794
Event: 33.562 Thread 0x0000000006475000 Uncommon trap 95 fr.pc 0x000000001cfd289c
Event: 34.558 Thread 0x0000000006475000 Uncommon trap -83 fr.pc 0x000000001cfa0bfc
Event: 34.866 Thread 0x0000000006475000 Uncommon trap -83 fr.pc 0x000000001ce82fac
Event: 34.871 Thread 0x0000000006475000 Uncommon trap -83 fr.pc 0x000000001ce8153c
Event: 36.991 Thread 0x0000000006475000 Uncommon trap -122 fr.pc 0x000000001cfe3830
Event: 37.512 Thread 0x0000000006475000 Uncommon trap -34 fr.pc 0x000000001ce3e0e0

Internal exceptions (10 events):
Event: 37.995 Thread 0x0000000006475000 Threw 0x000000077830b568 at C:\jdk7u2_64p\jdk7u17\hotspot\src\share\vm\prims\jvm.cpp:1166
Event: 37.996 Thread 0x0000000006475000 Threw 0x000000077830f078 at C:\jdk7u2_64p\jdk7u17\hotspot\src\share\vm\prims\jvm.cpp:1166
Event: 37.997 Thread 0x0000000006475000 Threw 0x00000007783112d8 at C:\jdk7u2_64p\jdk7u17\hotspot\src\share\vm\prims\jvm.cpp:1166
Event: 37.997 Thread 0x0000000006475000 Threw 0x0000000778313ac8 at C:\jdk7u2_64p\jdk7u17\hotspot\src\share\vm\prims\jvm.cpp:1166
Event: 37.998 Thread 0x0000000006475000 Threw 0x0000000778318a18 at C:\jdk7u2_64p\jdk7u17\hotspot\src\share\vm\prims\jvm.cpp:1166
Event: 38.003 Thread 0x0000000006475000 Threw 0x000000077832b648 at C:\jdk7u2_64p\jdk7u17\hotspot\src\share\vm\prims\jvm.cpp:1166
Event: 38.008 Thread 0x0000000006475000 Threw 0x000000077833e2f8 at C:\jdk7u2_64p\jdk7u17\hotspot\src\share\vm\prims\jvm.cpp:1166
Event: 38.014 Thread 0x0000000006475000 Threw 0x00000007783533d8 at C:\jdk7u2_64p\jdk7u17\hotspot\src\share\vm\prims\jvm.cpp:1166
Event: 38.021 Thread 0x0000000006475000 Threw 0x0000000778367e28 at C:\jdk7u2_64p\jdk7u17\hotspot\src\share\vm\prims\jvm.cpp:1166
Event: 38.037 Thread 0x0000000006475000 Threw 0x0000000778369df0 at C:\jdk7u2_64p\jdk7u17\hotspot\src\share\vm\prims\jvm.cpp:1166

Events (10 events):
Event: 38.003 loading class 0x000000003414b680 done
Event: 38.006 Thread 0x0000000028c50800 flushing nmethod 0x000000001d182b90
Event: 38.008 loading class 0x000000003414b660
Event: 38.008 loading class 0x000000003414b660 done
Event: 38.014 loading class 0x0000000034bc4400
Event: 38.014 loading class 0x0000000034bc4400 done
Event: 38.021 loading class 0x000000003414ae60
Event: 38.021 loading class 0x000000003414ae60 done
Event: 38.037 loading class 0x000000002bd45100
Event: 38.037 loading class 0x000000002bd45100 done


Dynamic libraries:
0x0000000140000000 - 0x000000014000e000 	E:\XilinxISE\14.7\ISE_DS\PlanAhead\bin\unwrapped\win64.o\planAhead.exe
0x00007ffdf3750000 - 0x00007ffdf3911000 	C:\WINDOWS\SYSTEM32\ntdll.dll
0x00007ffdf36a0000 - 0x00007ffdf374d000 	C:\WINDOWS\system32\KERNEL32.DLL
0x00007ffdefe70000 - 0x00007ffdf0058000 	C:\WINDOWS\system32\KERNELBASE.dll
0x00007ffdee5a0000 - 0x00007ffdee619000 	C:\WINDOWS\system32\apphelp.dll
0x0000000180000000 - 0x0000000180881000 	E:\XilinxISE\14.7\ISE_DS\PlanAhead\lib\win64.o\librdi_common.dll
0x00000000001c0000 - 0x00000000001d6000 	E:\XilinxISE\14.7\ISE_DS\PlanAhead\lib\win64.o\librdi_commonmain.dll
0x000000000a900000 - 0x000000000a945000 	E:\XilinxISE\14.7\ISE_DS\PlanAhead\lib\win64.o\SHSMP64.dll
0x00000000004c0000 - 0x00000000004d3000 	E:\XilinxISE\14.7\ISE_DS\PlanAhead\lib\win64.o\libboost_signals.dll
0x0000000000930000 - 0x0000000000a1e000 	E:\XilinxISE\14.7\ISE_DS\PlanAhead\lib\win64.o\stlport.5.2.dll
0x00007ffdf2fb0000 - 0x00007ffdf2fb8000 	C:\WINDOWS\system32\PSAPI.DLL
0x00007ffdf0d50000 - 0x00007ffdf0ea6000 	C:\WINDOWS\system32\USER32.dll
0x00007ffdf0b50000 - 0x00007ffdf0bf7000 	C:\WINDOWS\system32\ADVAPI32.dll
0x00007ffdf0f60000 - 0x00007ffdf10e6000 	C:\WINDOWS\system32\GDI32.dll
0x00007ffdf2b50000 - 0x00007ffdf2bed000 	C:\WINDOWS\system32\msvcrt.dll
0x00007ffdf2f00000 - 0x00007ffdf2f5b000 	C:\WINDOWS\system32\sechost.dll
0x00007ffdf30d0000 - 0x00007ffdf31ec000 	C:\WINDOWS\system32\RPCRT4.dll
0x000000006e880000 - 0x000000006e923000 	C:\WINDOWS\WinSxS\amd64_microsoft.vc90.crt_1fc8b3b9a1e18e3b_9.0.30729.9177_none_08e695a3a83b6ce3\MSVCR90.dll
0x00007ffdf13e0000 - 0x00007ffdf293c000 	C:\WINDOWS\system32\SHELL32.dll
0x0000000000900000 - 0x0000000000927000 	E:\XilinxISE\14.7\ISE_DS\PlanAhead\lib\win64.o\libboost_filesystem.dll
0x0000000010000000 - 0x000000001012a000 	E:\XilinxISE\14.7\ISE_DS\PlanAhead\lib\win64.o\tcl85t.dll
0x00007ffdf0060000 - 0x00007ffdf00a3000 	C:\WINDOWS\system32\cfgmgr32.dll
0x00007ffdf0160000 - 0x00007ffdf07a5000 	C:\WINDOWS\system32\windows.storage.dll
0x00007ffdf10f0000 - 0x00007ffdf136d000 	C:\WINDOWS\system32\combase.dll
0x0000000000a30000 - 0x0000000000d19000 	E:\XilinxISE\14.7\ISE_DS\PlanAhead\lib\win64.o\libCOIN-all.dll
0x00007ffdefe00000 - 0x00007ffdefe6a000 	C:\WINDOWS\system32\bcryptPrimitives.dll
0x00007ffdf1370000 - 0x00007ffdf13db000 	C:\WINDOWS\system32\WS2_32.dll
0x00007ffdf2e90000 - 0x00007ffdf2ee2000 	C:\WINDOWS\system32\shlwapi.dll
0x00007ffdefde0000 - 0x00007ffdefdef000 	C:\WINDOWS\system32\kernel.appcore.dll
0x0000000000d40000 - 0x0000000000f7a000 	E:\XilinxISE\14.7\ISE_DS\PlanAhead\lib\win64.o\libSecurity.dll
0x0000000000d20000 - 0x0000000000d2f000 	E:\XilinxISE\14.7\ISE_DS\PlanAhead\lib\win64.o\libboost_date_time.dll
0x00007ffdf0840000 - 0x00007ffdf08f5000 	C:\WINDOWS\system32\shcore.dll
0x00007ffdefd90000 - 0x00007ffdefddb000 	C:\WINDOWS\system32\powrprof.dll
0x00007ffdefd70000 - 0x00007ffdefd84000 	C:\WINDOWS\system32\profapi.dll
0x0000000000fa0000 - 0x0000000001011000 	E:\XilinxISE\14.7\ISE_DS\PlanAhead\lib\win64.o\libboost_program_options.dll
0x0000000001020000 - 0x00000000010cf000 	E:\XilinxISE\14.7\ISE_DS\PlanAhead\lib\win64.o\libboost_regex.dll
0x00007ffdf0900000 - 0x00007ffdf0917000 	C:\WINDOWS\system32\NETAPI32.dll
0x00007ffdf2fc0000 - 0x00007ffdf30cb000 	C:\WINDOWS\system32\COMDLG32.dll
0x00000000010d0000 - 0x00000000010d9000 	E:\XilinxISE\14.7\ISE_DS\PlanAhead\lib\win64.o\libboost_system.dll
0x00007ffdf07b0000 - 0x00007ffdf0836000 	C:\WINDOWS\system32\FirewallAPI.dll
0x00007ffdf2dc0000 - 0x00007ffdf2e86000 	C:\WINDOWS\system32\OLEAUT32.dll
0x00007ffdf0c00000 - 0x00007ffdf0d43000 	C:\WINDOWS\system32\ole32.dll
0x00007ffdf0920000 - 0x00007ffdf0975000 	C:\WINDOWS\system32\WINTRUST.dll
0x00007ffdefdf0000 - 0x00007ffdefe00000 	C:\WINDOWS\system32\MSASN1.dll
0x00007ffdf0980000 - 0x00007ffdf0b48000 	C:\WINDOWS\system32\CRYPT32.dll
0x0000000001160000 - 0x0000000001176000 	E:\XilinxISE\14.7\ISE_DS\PlanAhead\lib\win64.o\libboost_thread.dll
0x0000000001110000 - 0x0000000001153000 	E:\XilinxISE\14.7\ISE_DS\PlanAhead\lib\win64.o\libcurl.dll
0x00007ffdf2af0000 - 0x00007ffdf2b4c000 	C:\WINDOWS\system32\WLDAP32.dll
0x0000000001190000 - 0x0000000001213000 	E:\XilinxISE\14.7\ISE_DS\PlanAhead\lib\win64.o\libhdlpsolve.dll
0x0000000001780000 - 0x0000000001837000 	E:\XilinxISE\14.7\ISE_DS\PlanAhead\lib\win64.o\libhdxml.dll
0x0000000001220000 - 0x00000000017630d3 	E:\XilinxISE\14.7\ISE_DS\PlanAhead\lib\win64.o\libisl_iostreams.dll
0x0000000001840000 - 0x0000000001869000 	E:\XilinxISE\14.7\ISE_DS\PlanAhead\lib\win64.o\libisl_sysinfo.dll
0x000000006cfa0000 - 0x000000006d6bf000 	E:\XilinxISE\14.7\ISE_DS\PlanAhead\tps\win64\jre\bin\server\jvm.dll
0x00000000018e0000 - 0x00000000018f6000 	E:\XilinxISE\14.7\ISE_DS\PlanAhead\lib\win64.o\librdiconfig.dll
0x0000000001890000 - 0x00000000018a2000 	E:\XilinxISE\14.7\ISE_DS\PlanAhead\lib\win64.o\pthreadVC.dll
0x00000000018c0000 - 0x00000000018de000 	E:\XilinxISE\14.7\ISE_DS\PlanAhead\lib\win64.o\librdizlib.dll
0x0000000012000000 - 0x0000000012282000 	E:\XilinxISE\14.7\ISE_DS\PlanAhead\lib\win64.o\xerces-c_3_1.dll
0x00007ffddac80000 - 0x00007ffddaf77000 	C:\WINDOWS\SYSTEM32\WININET.dll
0x00007ffdea300000 - 0x00007ffdea3c8000 	C:\WINDOWS\SYSTEM32\WINHTTP.dll
0x00007ffddebb0000 - 0x00007ffdded67000 	C:\WINDOWS\SYSTEM32\urlmon.dll
0x00007ffdec940000 - 0x00007ffdec949000 	C:\WINDOWS\SYSTEM32\WSOCK32.dll
0x000000006e110000 - 0x000000006e1e3000 	C:\WINDOWS\WinSxS\amd64_microsoft.vc90.crt_1fc8b3b9a1e18e3b_9.0.30729.9177_none_08e695a3a83b6ce3\MSVCP90.dll
0x00007ffdec3f0000 - 0x00007ffdec3fa000 	C:\WINDOWS\SYSTEM32\VERSION.dll
0x00007ffdec210000 - 0x00007ffdec2ba000 	C:\WINDOWS\WinSxS\amd64_microsoft.windows.common-controls_6595b64144ccf1df_5.82.10586.0_none_396e892957c7fb25\COMCTL32.dll
0x00000000019d0000 - 0x00000000019dc000 	E:\XilinxISE\14.7\ISE_DS\PlanAhead\lib\win64.o\libboost_chrono.dll
0x00007ffdee3c0000 - 0x00007ffdee3e3000 	C:\WINDOWS\SYSTEM32\WINMM.dll
0x000000006e7a0000 - 0x000000006e872000 	C:\WINDOWS\SYSTEM32\MSVCR100.dll
0x00007ffde89e0000 - 0x00007ffde8d68000 	C:\WINDOWS\SYSTEM32\iertutil.dll
0x00007ffdee390000 - 0x00007ffdee3bc000 	C:\WINDOWS\SYSTEM32\WINMMBASE.dll
0x00007ffdec1f0000 - 0x00007ffdec1fc000 	C:\WINDOWS\SYSTEM32\DAVHLPR.DLL
0x0000000001930000 - 0x0000000001949000 	E:\XilinxISE\14.7\ISE_DS\PlanAhead\lib\win64.o\libboost_iostreams.dll
0x00007ffdf2f70000 - 0x00007ffdf2fab000 	C:\WINDOWS\system32\IMM32.DLL
0x00007ffdeeb50000 - 0x00007ffdeeb82000 	C:\WINDOWS\SYSTEM32\fwbase.dll
0x0000000004db0000 - 0x00000000050a3000 	E:\XilinxISE\14.7\ISE_DS\PlanAhead\lib\win64.o\librdi_commontasks.dll
0x00007ffdef970000 - 0x00007ffdef999000 	C:\WINDOWS\SYSTEM32\bcrypt.dll
0x00000000085b0000 - 0x0000000008bf0000 	E:\XilinxISE\14.7\ISE_DS\PlanAhead\lib\win64.o\librdi_coretasks.dll
0x0000000009ec0000 - 0x000000000a087000 	E:\XilinxISE\14.7\ISE_DS\PlanAhead\lib\win64.o\librdi_chipscope.dll
0x000000000a950000 - 0x000000000b970000 	E:\XilinxISE\14.7\ISE_DS\PlanAhead\lib\win64.o\librdi_constraints.dll
0x0000000008bf0000 - 0x0000000009ebc000 	E:\XilinxISE\14.7\ISE_DS\PlanAhead\lib\win64.o\librdi_coregen.dll
0x000000000b970000 - 0x000000000efc1000 	E:\XilinxISE\14.7\ISE_DS\PlanAhead\lib\win64.o\librdi_designutils.dll
0x000000000efd0000 - 0x000000000fbaa000 	E:\XilinxISE\14.7\ISE_DS\PlanAhead\lib\win64.o\librdi_device.dll
0x000000000a090000 - 0x000000000a3a4000 	E:\XilinxISE\14.7\ISE_DS\PlanAhead\lib\win64.o\librdi_drc.dll
0x000000000a3b0000 - 0x000000000a63e000 	E:\XilinxISE\14.7\ISE_DS\PlanAhead\lib\win64.o\librdi_filemgmt.dll
0x000000000fbb0000 - 0x000000000ff86000 	E:\XilinxISE\14.7\ISE_DS\PlanAhead\lib\win64.o\librdi_netlist.dll
0x0000000011620000 - 0x0000000011b42000 	E:\XilinxISE\14.7\ISE_DS\PlanAhead\lib\win64.o\librdi_power.dll
0x0000000010130000 - 0x0000000011253000 	E:\XilinxISE\14.7\ISE_DS\PlanAhead\lib\win64.o\librdi_place.dll
0x0000000011260000 - 0x0000000011613000 	E:\XilinxISE\14.7\ISE_DS\PlanAhead\lib\win64.o\librdi_project.dll
0x0000000012290000 - 0x000000001282d000 	E:\XilinxISE\14.7\ISE_DS\PlanAhead\lib\win64.o\librdi_rsb.dll
0x0000000011b50000 - 0x0000000011f48000 	E:\XilinxISE\14.7\ISE_DS\PlanAhead\lib\win64.o\librdi_runs.dll
0x0000000012830000 - 0x0000000013308000 	E:\XilinxISE\14.7\ISE_DS\PlanAhead\lib\win64.o\librdi_timing.dll
0x000000000a670000 - 0x000000000a6de000 	E:\XilinxISE\14.7\ISE_DS\PlanAhead\lib\win64.o\liblmx6.0.dll
0x0000000013310000 - 0x0000000013adf000 	E:\XilinxISE\14.7\ISE_DS\PlanAhead\lib\win64.o\librdi_coregenipxact.dll
0x0000000013ae0000 - 0x0000000014280000 	E:\XilinxISE\14.7\ISE_DS\PlanAhead\lib\win64.o\libverific.dll
0x000000000a710000 - 0x000000000a78d000 	E:\XilinxISE\14.7\ISE_DS\PlanAhead\lib\win64.o\libboost_serialization.dll
0x000000000a6f0000 - 0x000000000a6f8000 	E:\XilinxISE\14.7\ISE_DS\PlanAhead\lib\win64.o\libpsta_dllwrapper.dll
0x0000000014280000 - 0x00000000147c4000 	E:\XilinxISE\14.7\ISE_DS\PlanAhead\lib\win64.o\librdi_xdm.dll
0x00000000147d0000 - 0x00000000149fa000 	E:\XilinxISE\14.7\ISE_DS\PlanAhead\lib\win64.o\librdi_labtools.dll
0x0000000016130000 - 0x000000001666b000 	E:\XilinxISE\14.7\ISE_DS\PlanAhead\lib\win64.o\librdi_memdata.dll
0x0000000014a00000 - 0x000000001612f000 	E:\XilinxISE\14.7\ISE_DS\PlanAhead\lib\win64.o\librdi_synth.dll
0x000000000a7e0000 - 0x000000000a870000 	E:\XilinxISE\14.7\ISE_DS\PlanAhead\lib\win64.o\libise.dll
0x0000000016670000 - 0x0000000016c4c000 	E:\XilinxISE\14.7\ISE_DS\PlanAhead\lib\win64.o\librdi_abc_nomp.dll
0x0000000016c50000 - 0x0000000016d78000 	E:\XilinxISE\14.7\ISE_DS\PlanAhead\lib\win64.o\librdi_dlyest.dll
0x000000000a8b0000 - 0x000000000a8ca000 	E:\XilinxISE\14.7\ISE_DS\PlanAhead\lib\win64.o\librdi_hmetis.dll
0x0000000016d80000 - 0x000000001736e000 	E:\XilinxISE\14.7\ISE_DS\PlanAhead\lib\win64.o\librdi_route.dll
0x000000006eb10000 - 0x000000006eb21000 	C:\WINDOWS\WinSxS\amd64_microsoft.vc90.openmp_1fc8b3b9a1e18e3b_9.0.30729.6161_none_390d35aa0a1f21f9\VCOMP90.DLL
0x0000000017370000 - 0x00000000177ae000 	E:\XilinxISE\14.7\ISE_DS\PlanAhead\lib\win64.o\librdi_ip.dll
0x00000000177b0000 - 0x0000000017c26000 	E:\XilinxISE\14.7\ISE_DS\PlanAhead\lib\win64.o\librdi_wavedata.dll
0x000000000ffb0000 - 0x000000000ffed000 	E:\XilinxISE\14.7\ISE_DS\PlanAhead\lib\win64.o\librdi_simbridge_kernel.dll
0x0000000019030000 - 0x000000001b0e8000 	E:\XilinxISE\14.7\ISE_DS\PlanAhead\lib\win64.o\librdi_tcltasks.dll
0x000000001b1d0000 - 0x000000001b444000 	E:\XilinxISE\14.7\ISE_DS\PlanAhead\lib\win64.o\librdi_bitstream.dll
0x000000001b0f0000 - 0x000000001b1c4000 	E:\XilinxISE\14.7\ISE_DS\PlanAhead\lib\win64.o\librdi_dsp.dll
0x0000000011f80000 - 0x0000000011fee000 	E:\XilinxISE\14.7\ISE_DS\PlanAhead\lib\win64.o\librdi_edk.dll
0x000000001b450000 - 0x000000001b65e000 	E:\XilinxISE\14.7\ISE_DS\PlanAhead\lib\win64.o\librdi_simdata.dll
0x000000001b970000 - 0x000000001bac6000 	E:\XilinxISE\14.7\ISE_DS\PlanAhead\lib\win64.o\librdi_planaheadtasks.dll
0x000000001bae0000 - 0x000000001c928000 	E:\XilinxISE\14.7\ISE_DS\PlanAhead\lib\win64.o\librdi_ipservicestasks.dll
0x000000006eb00000 - 0x000000006eb0f000 	E:\XilinxISE\14.7\ISE_DS\PlanAhead\tps\win64\jre\bin\verify.dll
0x000000006ead0000 - 0x000000006eaf8000 	E:\XilinxISE\14.7\ISE_DS\PlanAhead\tps\win64\jre\bin\java.dll
0x000000006eab0000 - 0x000000006eac5000 	E:\XilinxISE\14.7\ISE_DS\PlanAhead\tps\win64\jre\bin\zip.dll
0x000000006ea90000 - 0x000000006eaa9000 	E:\XilinxISE\14.7\ISE_DS\PlanAhead\tps\win64\jre\bin\net.dll
0x00007ffdef6a0000 - 0x00007ffdef6fc000 	C:\WINDOWS\system32\mswsock.dll
0x000000006ea70000 - 0x000000006ea81000 	E:\XilinxISE\14.7\ISE_DS\PlanAhead\tps\win64\jre\bin\nio.dll
0x000000002ae40000 - 0x000000002b126000 	E:\XilinxISE\14.7\ISE_DS\PlanAhead\lib\win64.o\librdi_fed.dll
0x000000002b140000 - 0x000000002b3a1000 	E:\XilinxISE\14.7\ISE_DS\PlanAhead\lib\win64.o\librdi_guitools.dll
0x000000002b3c0000 - 0x000000002b3c7000 	E:\XilinxISE\14.7\ISE_DS\PlanAhead\lib\win64.o\librdi_commonx11.dll
0x000000002b3e0000 - 0x000000002b7ce000 	E:\XilinxISE\14.7\ISE_DS\PlanAhead\lib\win64.o\librdi_rsbtasks.dll
0x000000002b8e0000 - 0x000000002bb29000 	E:\XilinxISE\14.7\ISE_DS\PlanAhead\lib\win64.o\librdi_labtoolstasks.dll
0x000000002bb40000 - 0x000000002bcf8000 	E:\XilinxISE\14.7\ISE_DS\PlanAhead\lib\win64.o\librdi_simtcltasks.dll
0x000000006e3f0000 - 0x000000006e583000 	E:\XilinxISE\14.7\ISE_DS\PlanAhead\tps\win64\jre\bin\awt.dll

VM Arguments:
jvm_args: -Dsun.java2d.pmoffscreen=false -Xverify:none -Dswing.aatext=true -XX:-UsePerfData -Djdk.map.althashing.threshold=512 -XX:PermSize=128m -XX:MaxPermSize=128m -XX:NewSize=60m -XX:MaxNewSize=60m -XX:+UseConcMarkSweepGC -XX:+UseParNewGC -XX:+CMSParallelRemarkEnabled -XX:+CMSScavengeBeforeRemark -XX:+UseNUMA -XX:+AggressiveOpts -XX:+UseFastAccessorMethods -XX:+UseFastEmptyMethods -XX:+UseBiasedLocking -XX:+TieredCompilation -Xms128m -Xmx2048m -Xss3m 
java_command: <unknown>
Launcher Type: generic

Environment Variables:
JAVA_HOME=C:\Program Files\Java\jdk1.8.0_101
CLASSPATH=.;C:\Program Files\Java\jdk1.8.0_101\lib\;C:\Program Files\Java\jdk1.8.0_101\lib\tools.jar
USERNAME=qian
OS=Windows_NT
PROCESSOR_IDENTIFIER=Intel64 Family 6 Model 60 Stepping 3, GenuineIntel



---------------  S Y S T E M  ---------------

OS: Windows 8 , 64 bit Build 9200 

CPU:total 8 (4 cores per cpu, 2 threads per core) family 6 model 60 stepping 3, cmov, cx8, fxsr, mmx, sse, sse2, sse3, ssse3, sse4.1, sse4.2, popcnt, avx, avx2, ht, tsc, tscinvbit

Memory: 4k page, physical 8276632k(2298172k free), swap 21418744k(3052k free)

vm_info: Java HotSpot(TM) 64-Bit Server VM (23.7-b01) for windows-amd64 JRE (1.7.0_17-b02), built on Mar  1 2013 03:38:30 by "java_re" with unknown MS VC++:1600

time: Tue Nov 01 14:01:24 2016
elapsed time: 38 seconds

